<?xml version="1.0" encoding="UTF-8"?>
<!-- Generated by org.testng.reporters.JUnitReportReporter -->
<testsuite hostname="LAPTOP-GLK0BSKD" failures="0" tests="2" name="com.mystore.testcases.IndexPageTest" time="17.479" errors="0" timestamp="2023-12-20T01:55:27 CST" skipped="0">
  <testcase classname="com.mystore.testcases.IndexPageTest" name="verifyLogo" time="8.461"/>
  <system-out/>
  <testcase classname="com.mystore.testcases.IndexPageTest" name="verifyTitle" time="9.018"/>
  <system-out/>
</testsuite> <!-- com.mystore.testcases.IndexPageTest -->
