<?xml version="1.0" encoding="UTF-8"?>
<!-- Generated by org.testng.reporters.JUnitReportReporter -->
<testsuite hostname="LAPTOP-GLK0BSKD" failures="0" tests="2" name="com.mystore.testcases.IndexPageTest" time="16.686" errors="0" timestamp="2023-12-16T23:56:09 CST" skipped="0">
  <testcase classname="com.mystore.testcases.IndexPageTest" name="verifyLogo" time="8.588"/>
  <system-out/>
  <testcase classname="com.mystore.testcases.IndexPageTest" name="verifyTitle" time="8.098"/>
  <system-out/>
</testsuite> <!-- com.mystore.testcases.IndexPageTest -->
