<?xml version="1.0" encoding="UTF-8"?>
<!-- Generated by org.testng.reporters.JUnitReportReporter -->
<testsuite hostname="LAPTOP-GLK0BSKD" failures="0" tests="1" name="com.mystore.testcases.AddToCartPageTest" time="15.272" errors="0" timestamp="2023-12-20T01:55:27 CST" skipped="0">
  <testcase classname="com.mystore.testcases.AddToCartPageTest" name="addToCartTest" time="15.272"/>
  <system-out/>
</testsuite> <!-- com.mystore.testcases.AddToCartPageTest -->
