<?xml version="1.0" encoding="UTF-8"?>
<!-- Generated by org.testng.reporters.JUnitReportReporter -->
<testsuite hostname="LAPTOP-GLK0BSKD" failures="0" tests="2" name="com.mystore.testcases.IndexPageTest" time="15.195" errors="0" timestamp="2024-01-14T20:15:08 CST" skipped="0">
  <testcase classname="com.mystore.testcases.IndexPageTest" name="verifyLogo" time="7.801"/>
  <system-out/>
  <testcase classname="com.mystore.testcases.IndexPageTest" name="verifyTitle" time="7.394"/>
  <system-out/>
</testsuite> <!-- com.mystore.testcases.IndexPageTest -->
