<?xml version="1.0" encoding="UTF-8"?>
<!-- Generated by org.testng.reporters.JUnitReportReporter -->
<testsuite hostname="LAPTOP-GLK0BSKD" failures="0" tests="1" name="com.mystore.testcases.SearchResultPageTest" time="11.198" errors="0" timestamp="2023-12-16T23:56:09 CST" skipped="0">
  <testcase classname="com.mystore.testcases.SearchResultPageTest" name="productAvailabilityTest" time="11.198"/>
  <system-out/>
</testsuite> <!-- com.mystore.testcases.SearchResultPageTest -->
