<?xml version="1.0" encoding="UTF-8"?>
<!-- Generated by org.testng.reporters.JUnitReportReporter -->
<testsuite hostname="LAPTOP-GLK0BSKD" failures="0" tests="1" name="com.mystore.testcases.AddToCartPageTest" time="14.247" errors="0" timestamp="2024-01-14T20:15:08 CST" skipped="0">
  <testcase classname="com.mystore.testcases.AddToCartPageTest" name="addToCartTest" time="14.247"/>
  <system-out/>
</testsuite> <!-- com.mystore.testcases.AddToCartPageTest -->
