<?xml version="1.0" encoding="UTF-8"?>
<!-- Generated by org.testng.reporters.JUnitReportReporter -->
<testsuite hostname="LAPTOP-GLK0BSKD" failures="0" tests="1" name="com.mystore.testcases.HomePageTest" time="9.843" errors="0" timestamp="2024-01-14T20:15:08 CST" skipped="0">
  <testcase classname="com.mystore.testcases.HomePageTest" name="orderHistoryandDetailsTest" time="9.843"/>
  <system-out/>
</testsuite> <!-- com.mystore.testcases.HomePageTest -->
