<?xml version="1.0" encoding="UTF-8"?>
<!-- Generated by org.testng.reporters.JUnitReportReporter -->
<testsuite hostname="LAPTOP-GLK0BSKD" failures="0" tests="4" name="com.mystore.testcases.AccountCreationPageTest" time="47.219" errors="0" timestamp="2024-01-14T20:15:08 CST" skipped="0">
  <testcase classname="com.mystore.testcases.AccountCreationPageTest" name="createAccountTest" time="12.260"/>
  <system-out/>
  <testcase classname="com.mystore.testcases.AccountCreationPageTest" name="verifyCreateAccountPageTest" time="9.931"/>
  <system-out/>
  <testcase classname="com.mystore.testcases.AccountCreationPageTest" name="createAccountTest" time="12.320"/>
  <system-out/>
  <testcase classname="com.mystore.testcases.AccountCreationPageTest" name="createAccountTest" time="12.708"/>
  <system-out/>
</testsuite> <!-- com.mystore.testcases.AccountCreationPageTest -->
